Can't go Down
Up Score: -99396
Right Score: 622700
Left Score: 371700
- - - -
- - - -
- - 2 4
2 2 4 8
-----------------
Can't go Down
Up Score: -98736
Right Score: 662800
Left Score: 251800
- - - -
- - - -
- - 2 4
- 4 4 8
-----------------
Can't go Down
Up Score: -97516
Right Score: 825000
Left Score: 189000
- - - -
- - - -
- - 4 4
- - 8 8
-----------------
Down Score: 825500
Up Score: -83498
Can't go Right
Left Score: 188600
- - - 2
- - - -
- - - 8
- - - 16
-----------------
Can't go Down
Up Score: -83938
Right Score: 886400
Left Score: 369600
- - - -
- - - 2
- - - 8
- 2 - 16
-----------------
Can't go Down
Up Score: 724344
Can't go Right
Left Score: 369300
- - - 4
- - - 2
- - - 8
- - 2 16
-----------------
Down Score: 891004
Up Score: 724684
Right Score: 885908
Left Score: 369500
- - 4 4
- - - 2
- - - 8
- - 2 16
-----------------
Can't go Down
Up Score: 724684
Can't go Right
Left Score: 368400
- - - 4
- - - 2
- - 4 8
- - 2 16
-----------------
Down Score: 970304
Can't go Up
Right Score: 825188
Left Score: 188820
- 4 4 4
- - 2 2
- - - 8
- - - 16
-----------------
Can't go Down
Up Score: 723704
Can't go Right
Left Score: 1007400
- - - 4
- - - 2
- - 4 8
2 4 2 16
-----------------
Down Score: 1025800
Up Score: -99999987518
Right Score: 990504
Left Score: 1007300
4 - - -
4 - - 2
4 8 - -
2 4 2 16
-----------------
Can't go Down
Up Score: -99999988118
Right Score: 1005300
Left Score: 1045700
- - - -
4 - - -
8 8 - 2
2 4 2 16
-----------------
Down Score: 1106100
Up Score: -99999996544
Right Score: 1004582
Left Score: 1045160
4 - 2 -
4 - - -
16 2 - -
2 4 2 16
-----------------
Can't go Down
Up Score: -99999996544
Right Score: 1127800
Left Score: 726600
- - - -
8 - - -
16 2 - -
2 4 4 16
-----------------
Down Score: 1128000
Up Score: -99999980176
Can't go Right
Left Score: 725900
- - - -
- - 8 2
- - 16 2
- 2 8 16
-----------------
Can't go Down
Up Score: -99999980576
Right Score: 1169400
Left Score: 750200
- - - -
- - 8 -
- - 16 4
2 2 8 16
-----------------
Can't go Down
Up Score: -99999174458
Can't go Right
Left Score: 749800
- - - 2
- - - 8
- - 16 4
- 4 8 16
-----------------
Can't go Down
Up Score: -99999949540
Right Score: 1171002
Can't go Left
2 - - -
8 - - -
2 16 4 -
4 8 16 -
-----------------
Can't go Down
Up Score: -99999930680
Right Score: 1169302
Left Score: 721200
2 - - -
8 - 2 -
2 16 4 -
4 8 16 -
-----------------
Down Score: 1171000
Up Score: -99999971176
Can't go Right
Left Score: 721200
- - - 2
- - 8 2
- 2 16 4
- 4 8 16
-----------------
Down Score: 1193200
Up Score: -99999979472
Can't go Right
Left Score: 1201900
- - - -
- - 8 4
- 2 16 4
2 4 8 16
-----------------
Down Score: 1228200
Up Score: -99999992184
Right Score: 1191200
Can't go Left
- - - -
2 8 4 -
2 16 4 -
2 4 8 16
-----------------
Down Score: 1457400
Up Score: -99999984538
Right Score: 1272800
Left Score: 769600
- - - -
- 8 - -
2 16 8 2
4 4 8 16
-----------------
Down Score: 1490900
Up Score: -99999984738
Right Score: 1895600
Left Score: 769400
- - - -
- 8 - -
4 16 - 2
4 4 16 16
-----------------
Down Score: 1969400
Up Score: -99999970316
Can't go Right
Left Score: 768700
- - - -
- - 8 2
- 4 16 2
- - 8 32
-----------------
Can't go Down
Up Score: -99999969016
Right Score: 1937500
Left Score: 1192300
- - - -
- - 8 -
- 4 16 4
- 2 8 32
-----------------
Can't go Down
Up Score: -99999956518
Can't go Right
Left Score: 1191600
- - - -
- - 8 2
- 4 16 4
- 2 8 32
-----------------
Can't go Down
Up Score: -99999965660
Right Score: 1935800
Can't go Left
- - - -
8 2 - -
4 16 4 -
2 8 32 -
-----------------
Down Score: 1939500
Up Score: -99999969412
Can't go Right
Left Score: 1192200
- - - -
- - 8 4
- 4 16 4
- 2 8 32
-----------------
Can't go Down
Up Score: -99999966572
Right Score: 1941800
Left Score: 1199000
- - - -
- 2 8 -
- 4 16 8
- 2 8 32
-----------------
Can't go Down
Up Score: -99999951278
Can't go Right
Left Score: 1198500
- - - -
- 2 8 2
- 4 16 8
- 2 8 32
-----------------
Down Score: 1295000
Up Score: -99999931218
Right Score: 1941100
Left Score: 1199300
- - - -
2 8 2 2
4 16 8 -
2 8 32 -
-----------------
Can't go Down
Up Score: -99999951476
Can't go Right
Left Score: 1199300
- - - -
- 2 8 4
- 4 16 8
- 2 8 32
-----------------
Down Score: 1214940
Up Score: -99999012420
Right Score: 1940802
Left Score: 1198900
- - 2 -
4 8 4 -
4 16 8 -
2 8 32 -
-----------------
Down Score: 1214940
Up Score: -99999012420
Right Score: 1940802
Left Score: 1198900
- - 2 -
4 8 4 -
4 16 8 -
2 8 32 -
-----------------
Down Score: 1214940
Up Score: -99999012420
Right Score: 1940802
Left Score: 1198900
- - 2 -
4 8 4 -
4 16 8 -
2 8 32 -
-----------------
Down Score: 1214940
Up Score: -99999012420
Right Score: 1940802
Left Score: 1198900
- - 2 -
4 8 4 -
4 16 8 -
2 8 32 -
-----------------
Down Score: 2388380
Up Score: -99997901916
Right Score: 2377224
Left Score: 2369020
2 8 2 2
4 64 8 -
4 128 32 2
8 64 16 4
-----------------
