- - - 2
- 4 2 16
2 32 64 4
4 128 4 -
-----------------
Down Score: 6459600
Up Score: -382700
Right Score: 6220900
Left Score: 6220100
Swiping DOWN
- - - 2
- 4 2 16
2 32 64 4
4 128 4 -
-----------------
Down Score: 6459600
Up Score: -382700
Right Score: 6220900
Left Score: 6220100
Swiping DOWN
- - - 2
- 4 2 16
2 32 64 4
4 128 4 -
-----------------
Down Score: 6459600
Up Score: -382700
Right Score: 6220900
Left Score: 6220100
Swiping DOWN
- - - 2
- 4 2 16
2 32 64 4
4 128 4 -
-----------------
Down Score: 6459600
Up Score: -382700
Right Score: 6220900
Left Score: 6220100
Swiping DOWN
- - - -
- - - -
- - - -
- - - -
-----------------
Can't go Down
Can't go Up
Can't go Right
Can't go Left
Game over. Can't do anything- - - 2
- 4 2 16
2 32 64 4
4 128 4 1024
-----------------
Can't go Down
Up Score: 52817300
Can't go Right
Left Score: 59522100
Swiping LEFT
2 - 2 -
4 2 16 -
2 32 64 4
4 128 4 1024
-----------------
Can't go Down
Up Score: 810900
Right Score: 59522200
Left Score: 59523000
Swiping LEFT
4 - - 2
4 2 16 -
2 32 64 4
4 128 4 1024
-----------------
Down Score: 59523200
Up Score: 3591200
Right Score: 59522500
Left Score: 59523700
Swiping LEFT
4 2 2 -
4 2 16 -
2 32 64 4
4 128 4 1024
-----------------
Down Score: 59524700
Up Score: 618500
Right Score: 59523200
Left Score: 59524000
Swiping DOWN
- 2 2 -
8 4 16 -
2 32 64 4
4 128 4 1024
-----------------
Can't go Down
Up Score: 6608400
Right Score: 59524800
Left Score: 59524800
Swiping RIGHT
- - 2 4
- 8 4 16
2 32 64 4
4 128 4 1024
-----------------
Can't go Down
Up Score: 53328200
Can't go Right
Left Score: 59525500
Swiping LEFT
2 4 - -
8 4 16 2
2 32 64 4
4 128 4 1024
-----------------
Down Score: 59527900
Up Score: 3784800
Right Score: 59524300
Can't go Left
Swiping DOWN
2 2 - -
8 8 16 2
2 32 64 4
4 128 4 1024
-----------------
Can't go Down
Up Score: 9802900
Right Score: 59528800
Left Score: 59528800
Swiping RIGHT
2 - - 4
- 16 16 2
2 32 64 4
4 128 4 1024
-----------------
Down Score: 59537800
Up Score: 52814000
Right Score: 59523900
Left Score: 59523900
Swiping DOWN
- - - 4
2 16 16 2
4 32 64 4
4 128 4 1024
-----------------
Down Score: 59728400
Up Score: 52814500
Right Score: 59537000
Left Score: 59543400
Swiping DOWN
- - - 4
2 16 16 2
2 32 64 4
8 128 4 1024
-----------------
Down Score: 59736600
Up Score: 52814800
Right Score: 59727600
Left Score: 59734400
Swiping DOWN
2 - - 4
- 16 16 2
4 32 64 4
8 128 4 1024
-----------------
Down Score: 59739000
Up Score: 52832900
Right Score: 59731700
Left Score: 59731700
Swiping DOWN
- 2 - 4
2 16 16 2
4 32 64 4
8 128 4 1024
-----------------
Can't go Down
Up Score: 58837400
Right Score: 59735700
Left Score: 59742500
Swiping LEFT
2 4 - -
2 32 2 2
4 32 64 4
8 128 4 1024
-----------------
Down Score: 59866200
Up Score: 3638000
Right Score: 59738500
Left Score: 59743700
Swiping DOWN
2 - - -
4 4 2 2
4 64 64 4
8 128 4 1024
-----------------
Down Score: 59881800
Up Score: 3639300
Right Score: 59852100
Left Score: 59877700
Swiping DOWN
- - - 4
2 4 2 2
8 64 64 4
8 128 4 1024
-----------------
Down Score: 60253800
Up Score: 52842000
Right Score: 59869800
Left Score: 59897000
Swiping DOWN
- - - 4
2 4 2 2
2 64 64 4
16 128 4 1024
-----------------
Down Score: 60262000
Up Score: 52843100
Right Score: 60244800
Left Score: 60270400
Swiping LEFT
4 - - -
2 4 4 4
2 128 4 -
16 128 4 1024
-----------------
Down Score: 66370000
Up Score: -187400
Right Score: 60244800
Left Score: 60271600
Swiping DOWN
- 2 - -
4 - - -
4 4 4 4
16 256 8 1024
-----------------
Down Score: 66383800
Up Score: 652900
Right Score: 66370100
Left Score: 66368500
Swiping DOWN
- - - -
- 2 - 2
8 4 4 4
16 256 8 1024
-----------------
Can't go Down
Up Score: 4136200
Right Score: 66382800
Left Score: 66384800
Swiping LEFT
- - - -
4 - - -
8 8 4 2
16 256 8 1024
-----------------
Can't go Down
Up Score: -185300
Right Score: 66392200
Left Score: 66395400
Swiping LEFT
- - - -
4 - - 2
16 4 2 -
16 256 8 1024
-----------------
Down Score: 67148600
Up Score: -238800
Right Score: 66394200
Left Score: 66396200
Swiping DOWN
- - - 2
- - - -
4 4 2 2
32 256 8 1024
-----------------
Down Score: 67156000
Up Score: -239300
Right Score: 67149300
Left Score: 67147700
Swiping DOWN
- - 2 -
- - - -
4 4 2 4
32 256 8 1024
-----------------
Down Score: 67165600
Up Score: -237600
Right Score: 67155700
Left Score: 67155700
Swiping DOWN
- - - 2
- - - -
4 4 4 4
32 256 8 1024
-----------------
Down Score: 67166600
Up Score: 3245700
Right Score: 67166500
Left Score: 67164900
Swiping DOWN
- - 2 -
- - - 2
4 4 4 4
32 256 8 1024
-----------------
Down Score: 67168000
Up Score: 3174400
Right Score: 67167900
Left Score: 67166300
Swiping DOWN
- - - -
2 - 2 2
4 4 4 4
32 256 8 1024
-----------------
Can't go Down
Up Score: 3290100
Right Score: 67169600
Left Score: 67167600
Swiping RIGHT
- 2 - -
- - 2 4
- - 8 8
32 256 8 1024
-----------------
Down Score: 67549000
Up Score: 3216400
Right Score: 67166500
Left Score: 67166900
Swiping DOWN
- 4 - -
- - - 4
- 2 2 8
32 256 16 1024
-----------------
Down Score: 67551000
Up Score: 4138500
Right Score: 67549800
Left Score: 67550600
Swiping DOWN
- - 2 -
- 4 - 4
- 2 2 8
32 256 16 1024
-----------------
Down Score: 67558600
Up Score: 4140200
Right Score: 67552500
Left Score: 67550900
Swiping DOWN
- - 2 -
- 4 - 4
- 2 4 8
32 256 16 1024
-----------------
Down Score: 67559600
Up Score: 4119700
Right Score: 67560300
Left Score: 67558700
Swiping RIGHT
- - 2 2
- - - 8
- 2 4 8
32 256 16 1024
-----------------
Down Score: 67588200
Up Score: 3178900
Right Score: 67560400
Left Score: 67558800
Swiping DOWN
- - 2 -
- - 2 2
- 2 4 16
32 256 16 1024
-----------------
Down Score: 67589400
Up Score: 3179000
Right Score: 67587900
Left Score: 67591100
Swiping LEFT
2 2 - -
4 - - -
2 4 16 -
32 256 16 1024
-----------------
Down Score: 68325900
Up Score: 1562600
Right Score: 67588800
Left Score: 67592000
Swiping DOWN
2 - - -
4 2 - 2
2 4 - -
32 256 32 1024
-----------------
Down Score: 68333900
Up Score: 2125700
Right Score: 68328700
Left Score: 68328700
Swiping DOWN
2 - - -
4 2 - 2
2 4 - 2
32 256 32 1024
-----------------
Down Score: 68341900
Up Score: 2125600
Right Score: 68336900
Left Score: 68336900
Swiping DOWN
2 - - 2
4 2 - -
2 4 - 4
32 256 32 1024
-----------------
Down Score: 68342900
Up Score: 5711700
Right Score: 68341600
Left Score: 68342400
Swiping DOWN
2 - - -
4 2 - 2
2 4 4 4
32 256 32 1024
-----------------
Can't go Down
Up Score: 5726300
Right Score: 68360300
Left Score: 68359900
Swiping RIGHT
- - 2 2
- - 4 4
- 2 4 8
32 256 32 1024
-----------------
Down Score: 68375500
Up Score: 52476900
Right Score: 68360400
Left Score: 68358800
Swiping DOWN
- - - 2
2 - 2 4
- 2 8 8
32 256 32 1024
-----------------
Down Score: 68383900
Up Score: 52511200
Right Score: 68374700
Left Score: 68374700
Swiping DOWN
- - 2 2
- - 2 4
2 2 8 8
32 256 32 1024
-----------------
Down Score: 68385500
Up Score: 52510500
Right Score: 68382200
Left Score: 68381400
Swiping DOWN
- - 2 2
- - 4 4
2 2 8 8
32 256 32 1024
-----------------
Can't go Down
Up Score: 54112400
Right Score: 68382200
Left Score: 68382200
Swiping RIGHT
- - - 4
- - - 8
2 - 4 16
32 256 32 1024
-----------------
Can't go Down
Up Score: 52311500
Right Score: 68390000
Left Score: 68390000
Swiping RIGHT
- - - 4
- - - 8
4 2 4 16
32 256 32 1024
-----------------
Can't go Down
Up Score: 52427100
Can't go Right
Left Score: 68406200
Swiping LEFT
4 - - -
8 - - 2
4 2 4 16
32 256 32 1024
-----------------
Can't go Down
Up Score: 4869600
Right Score: 68406600
Left Score: 68407000
Swiping LEFT
4 2 - -
8 2 - -
4 2 4 16
32 256 32 1024
-----------------
Down Score: 68416200
Up Score: 2251200
Right Score: 68407300
Can't go Left
Swiping DOWN
4 - 2 -
8 2 - -
4 4 4 16
32 256 32 1024
-----------------
Down Score: 68417600
Up Score: 2388000
Right Score: 68416900
Left Score: 68417300
Swiping DOWN
4 - - 2
8 2 2 -
4 4 4 16
32 256 32 1024
-----------------
Down Score: 68419000
Up Score: 5781100
Right Score: 68417700
Left Score: 68418900
Swiping DOWN
4 - - 2
8 2 2 2
4 4 4 16
32 256 32 1024
-----------------
Down Score: 68419800
Up Score: 5780600
Right Score: 68417100
Left Score: 68419700
Swiping DOWN
4 - - 2
8 2 2 4
4 4 4 16
32 256 32 1024
-----------------
Can't go Down
Up Score: 55043500
Right Score: 68419700
Left Score: 68421700
Swiping LEFT
4 2 - -
8 4 4 -
8 4 16 2
32 256 32 1024
-----------------
Down Score: 68473600
Up Score: 913600
Right Score: 68429900
Left Score: 68431500
Swiping DOWN
2 - - -
4 2 4 -
16 8 16 2
32 256 32 1024
-----------------
Can't go Down
Up Score: 2443300
Right Score: 68473700
Can't go Left
Swiping RIGHT
- - 2 2
- 4 2 4
16 8 16 2
32 256 32 1024
-----------------
Down Score: 68476300
Up Score: 53416100
Right Score: 68474600
Left Score: 68474600
Swiping DOWN
- - - 2
2 4 4 4
16 8 16 2
32 256 32 1024
-----------------
Can't go Down
Up Score: 53513200
Right Score: 68476300
Left Score: 68477900
Swiping LEFT
2 - - -
2 8 4 2
16 8 16 2
32 256 32 1024
-----------------
Down Score: 68518800
Up Score: 15000
Right Score: 68479100
Can't go Left
Swiping DOWN
- - 4 -
4 - 4 -
16 16 16 4
32 256 32 1024
-----------------
Down Score: 68520800
Up Score: 14400
Right Score: 68519000
Left Score: 68520600
Swiping DOWN
- - - 2
4 - 8 -
16 16 16 4
32 256 32 1024
-----------------
Down Score: 68521200
Up Score: 3399300
Right Score: 68521300
Left Score: 68522900
Swiping LEFT
2 - - 2
4 8 - -
32 16 4 -
32 256 32 1024
-----------------
Down Score: 70005800
Up Score: 901600
Right Score: 68516600
Left Score: 68523800
Swiping DOWN
- - - -
2 8 - 2
4 16 4 2
64 256 32 1024
-----------------
Down Score: 70014400
Up Score: 902300
Right Score: 70006600
Left Score: 70006200
Swiping DOWN
- - 2 -
2 8 - -
4 16 4 4
64 256 32 1024
-----------------
Down Score: 70014800
Up Score: 1037800
Right Score: 70014900
Left Score: 70013700
Swiping RIGHT
- 2 - 2
- - 2 8
- 4 16 8
64 256 32 1024
-----------------
Down Score: 70045800
Up Score: 4204100
Right Score: 70015000
Left Score: 70013400
Swiping DOWN
2 - - -
- 2 2 2
- 4 16 16
64 256 32 1024
-----------------
Down Score: 70053600
Up Score: 4221200
Right Score: 70040500
Left Score: 70040900
Swiping DOWN
- - 2 -
- 2 2 2
2 4 16 16
64 256 32 1024
-----------------
Down Score: 70053800
Up Score: 4220500
Right Score: 70048300
Left Score: 70054300
Swiping LEFT
2 - - -
4 2 - -
2 4 32 2
64 256 32 1024
-----------------
Down Score: 71530700
Up Score: 3727300
Right Score: 70066100
Can't go Left
Swiping DOWN
2 - - 2
4 2 - -
2 4 - 2
64 256 64 1024
-----------------
Down Score: 71538700
Up Score: 3727200
Right Score: 71532200
Left Score: 71531800
Swiping DOWN
2 - - -
4 2 2 -
2 4 - 4
64 256 64 1024
-----------------
Down Score: 71546700
Up Score: 3858500
Right Score: 71540300
Left Score: 71540300
Swiping DOWN
2 - - 2
4 2 - -
2 4 2 4
64 256 64 1024
-----------------
Down Score: 71547700
Up Score: 7343000
Right Score: 71546800
Left Score: 71547600
Swiping DOWN
2 - 2 -
4 2 - 2
2 4 2 4
64 256 64 1024
-----------------
Down Score: 71557300
Up Score: 7342300
Right Score: 71550400
Left Score: 71550400
Swiping DOWN
2 2 - -
4 2 - 2
2 4 4 4
64 256 64 1024
-----------------
Down Score: 71560100
Up Score: 7343600
Right Score: 71558000
Left Score: 71557600
Swiping DOWN
2 2 - -
4 4 - 2
2 4 4 4
64 256 64 1024
-----------------
Down Score: 71572500
Up Score: 7343500
Right Score: 71556000
Left Score: 71556400
Swiping DOWN
2 2 - -
4 2 - 2
2 8 4 4
64 256 64 1024
-----------------
Down Score: 71574500
Up Score: 7344000
Right Score: 71574800
Left Score: 71574800
Swiping RIGHT
- 4 - 4
- - 4 4
- 2 8 8
64 256 64 1024
-----------------
Down Score: 71579800
Up Score: 4322400
Right Score: 71572600
Left Score: 71572600
Swiping DOWN
- - - -
- 4 4 8
2 2 8 8
64 256 64 1024
-----------------
Down Score: 71611800
Up Score: 944900
Right Score: 71584400
Left Score: 71584400
Swiping DOWN
- - 2 -
- 4 4 -
2 2 8 16
64 256 64 1024
-----------------
Can't go Down
Up Score: 3923600
Right Score: 71610900
Left Score: 71610900
Swiping RIGHT
- - - 2
- 4 - 8
- 4 8 16
64 256 64 1024
-----------------
Down Score: 71628900
Up Score: 52415100
Right Score: 71613300
Left Score: 71615700
Swiping DOWN
- - 2 2
- - - 8
- 8 8 16
64 256 64 1024
-----------------
Down Score: 71630500
Up Score: 52648000
Right Score: 71631400
Left Score: 71631400
Swiping RIGHT
- - - 4
- 2 - 8
- - 16 16
64 256 64 1024
-----------------
Down Score: 71638000
Up Score: 52413500
Right Score: 71629800
Left Score: 71629800
Swiping DOWN
2 - - 4
- - - 8
- 2 16 16
64 256 64 1024
-----------------
Down Score: 71646400
Up Score: 52455800
Right Score: 71633100
Left Score: 71633100
Swiping DOWN
2 - - 4
- - - 8
2 2 16 16
64 256 64 1024
-----------------
Down Score: 71654200
Up Score: 52455700
Right Score: 71641300
Left Score: 71641300
Swiping DOWN
- 2 - 4
- - - 8
4 2 16 16
64 256 64 1024
-----------------
Down Score: 71663000
Up Score: 52456600
Right Score: 71649300
Left Score: 71649300
Swiping DOWN
- 4 - 4
- - - 8
4 4 16 16
64 256 64 1024
-----------------
Down Score: 71678200
Up Score: 52456000
Right Score: 71659600
Left Score: 71661200
Swiping DOWN
- - 2 4
- - - 8
4 8 16 16
64 256 64 1024
-----------------
Down Score: 71679800
Up Score: 52692100
Right Score: 71673300
Left Score: 71673300
Swiping DOWN
- - 2 4
- - 2 8
4 8 16 16
64 256 64 1024
-----------------
Down Score: 71680600
Up Score: 52693000
Right Score: 71675300
Left Score: 71676900
Swiping DOWN
2 - - 4
- - 4 8
4 8 16 16
64 256 64 1024
-----------------
Down Score: 71681600
Up Score: 52924700
Right Score: 71675700
Left Score: 71678100
Swiping DOWN
- 2 - 4
2 - 4 8
4 8 16 16
64 256 64 1024
-----------------
Down Score: 71683200
Up Score: 53824800
Right Score: 71676900
Left Score: 71678100
Swiping DOWN
- - 2 4
2 2 4 8
4 8 16 16
64 256 64 1024
-----------------
Can't go Down
Up Score: 56925500
Right Score: 71679300
Left Score: 71680100
Swiping LEFT
2 4 - -
4 4 8 2
4 8 32 -
64 256 64 1024
-----------------
Down Score: 71711000
Up Score: 1179400
Right Score: 71680900
Left Score: 71680900
Swiping DOWN
- - - -
2 8 8 2
8 8 32 2
64 256 64 1024
-----------------
Down Score: 71741400
Up Score: 274900
Right Score: 71707800
Left Score: 71707800
Swiping DOWN
- - 2 -
2 - 8 -
8 16 32 4
64 256 64 1024
-----------------
Can't go Down
Up Score: 3334600
Right Score: 71742100
Left Score: 71742500
Swiping LEFT
2 - - -
2 8 - 2
8 16 32 4
64 256 64 1024
-----------------
Down Score: 71743800
Up Score: 4404900
Right Score: 71742900
Left Score: 71742900
Swiping DOWN
- 2 - -
4 8 - 2
8 16 32 4
64 256 64 1024
-----------------
Can't go Down
Up Score: 16266200
Right Score: 71743700
Left Score: 71743300
Swiping RIGHT
- - 2 2
- 4 8 2
8 16 32 4
64 256 64 1024
-----------------
Down Score: 71745300
Up Score: 7413300
Right Score: 71743400
Left Score: 71744200
Swiping DOWN
2 - 2 -
- 4 8 4
8 16 32 4
64 256 64 1024
-----------------
Down Score: 71759700
Up Score: 4241000
Right Score: 71746200
Left Score: 71745400
Swiping DOWN
- - 2 2
2 4 8 -
8 16 32 8
64 256 64 1024
-----------------
Down Score: 71760100
Up Score: 7630500
Right Score: 71761400
Left Score: 71759800
Swiping RIGHT
2 - - 4
- 2 4 8
8 16 32 8
64 256 64 1024
-----------------
Down Score: 71790600
Up Score: 4574400
Right Score: 71761300
Left Score: 71760900
Swiping DOWN
- 2 - -
2 2 4 4
8 16 32 16
64 256 64 1024
-----------------
Down Score: 71792000
Up Score: 4574900
Right Score: 71789700
Left Score: 71789700
Swiping DOWN
2 - - -
2 4 4 4
8 16 32 16
64 256 64 1024
-----------------
Down Score: 71793600
Up Score: 4576000
Right Score: 71790900
Left Score: 71790900
Swiping DOWN
2 - - -
4 4 4 4
8 16 32 16
64 256 64 1024
-----------------
Can't go Down
Up Score: 7543700
Right Score: 71792900
Left Score: 71794500
Swiping LEFT
2 - 2 -
8 8 - -
8 16 32 16
64 256 64 1024
-----------------
Down Score: 71825200
Up Score: 1184000
Right Score: 71794600
Left Score: 71791400
Swiping DOWN
- 4 - -
2 8 2 -
16 16 32 16
64 256 64 1024
-----------------
Can't go Down
Up Score: 13016600
Right Score: 71830200
Left Score: 71830200
Swiping RIGHT
- - - 4
2 2 8 2
- 32 32 16
64 256 64 1024
-----------------
Down Score: 71835200
Up Score: 53634200
Right Score: 71840600
Left Score: 71841400
Swiping LEFT
4 - 2 -
4 8 2 -
64 16 - -
64 256 64 1024
-----------------
Down Score: 74806000
Up Score: 73800
Right Score: 71841300
Left Score: 71841700
Swiping DOWN
- 2 - -
- 8 - -
8 16 4 -
128 256 64 1024
-----------------
Can't go Down
Up Score: 11907900
Right Score: 74806100
Left Score: 74807700
Swiping LEFT
2 2 - -
8 - - -
8 16 4 -
128 256 64 1024
-----------------
Down Score: 74840400
Up Score: 529000
Right Score: 74806200
Left Score: 74807800
Swiping DOWN
- - 2 -
2 2 - -
16 16 4 -
128 256 64 1024
-----------------
Down Score: 74841800
Up Score: 768500
Right Score: 74839300
Left Score: 74838500
Swiping DOWN
- 2 - -
2 2 2 -
16 16 4 -
128 256 64 1024
-----------------
Down Score: 74842000
Up Score: 767800
Right Score: 74840500
Left Score: 74839300
Swiping DOWN
- - - -
2 4 2 2
16 16 4 -
128 256 64 1024
-----------------
Down Score: 74850200
Up Score: 1433300
Right Score: 74843200
Left Score: 74843200
Swiping DOWN
- - - -
2 4 2 2
16 16 4 2
128 256 64 1024
-----------------
Down Score: 74858800
Up Score: 1432800
Right Score: 74851400
Left Score: 74851400
Swiping DOWN
- - - -
2 4 2 2
16 16 4 4
128 256 64 1024
-----------------
Can't go Down
Up Score: 4822100
Right Score: 74858000
Left Score: 74858000
Swiping RIGHT
2 - - -
- 2 4 4
- - 32 8
128 256 64 1024
-----------------
Down Score: 74870200
Up Score: 3457600
Right Score: 74859300
Left Score: 74859700
Swiping DOWN
2 - - -
- - 4 4
2 2 32 8
128 256 64 1024
-----------------
Down Score: 74878000
Up Score: 3457500
Right Score: 74870900
Left Score: 74869300
Swiping DOWN
- - - 2
- - 4 4
4 2 32 8
128 256 64 1024
-----------------
Can't go Down
Up Score: 52692000
Right Score: 74878900
Left Score: 74877300
Swiping RIGHT
- - - 2
- 2 - 8
4 2 32 8
128 256 64 1024
-----------------
Down Score: 74914200
Up Score: 3319900
Right Score: 74880500
Left Score: 74879300
Swiping DOWN
- - - 2
- - - 2
4 4 32 16
128 256 64 1024
-----------------
Down Score: 74915200
Up Score: 3319800
Right Score: 74914300
Left Score: 74914300
Swiping DOWN
- 2 - -
- - - 4
4 4 32 16
128 256 64 1024
-----------------
Down Score: 74916200
Up Score: 4216900
Right Score: 74914900
Left Score: 74914900
Swiping DOWN
- - - -
2 2 - 4
4 4 32 16
128 256 64 1024
-----------------
Can't go Down
Up Score: 4667400
Right Score: 74917600
Left Score: 74917600
Swiping RIGHT
- 2 - -
- - 4 4
- 8 32 16
128 256 64 1024
-----------------
Down Score: 74918800
Up Score: 4348100
Right Score: 74916900
Left Score: 74918500
Swiping DOWN
- - - -
- 2 4 4
2 8 32 16
128 256 64 1024
-----------------
Can't go Down
Up Score: 4381600
Right Score: 74925800
Left Score: 74927800
Swiping LEFT
- - - -
2 8 2 -
2 8 32 16
128 256 64 1024
-----------------
Down Score: 74961400
Up Score: 66300
Right Score: 74926200
Can't go Left
Swiping DOWN
- - 2 -
- - 2 -
4 16 32 16
128 256 64 1024
-----------------
Down Score: 74962400
Up Score: 66400
Right Score: 74961900
Left Score: 74961900
Swiping DOWN
- - 4 -
- - 4 -
4 16 32 16
128 256 64 1024
-----------------
Down Score: 74964400
Up Score: 66600
Right Score: 74963400
Left Score: 74964200
Swiping DOWN
- - 2 -
- - 8 -
4 16 32 16
128 256 64 1024
-----------------
Can't go Down
Up Score: 3126300
Right Score: 74964500
Left Score: 74964500
Swiping RIGHT
- - 2 2
- - - 8
4 16 32 16
128 256 64 1024
-----------------
Down Score: 74966100
Up Score: 52726600
Right Score: 74964600
Left Score: 74964600
Swiping DOWN
- - - 2
2 - 2 8
4 16 32 16
128 256 64 1024
-----------------
Can't go Down
Up Score: 53188700
Right Score: 74966900
Left Score: 74967700
Swiping LEFT
2 - - 2
4 8 - -
4 16 32 16
128 256 64 1024
-----------------
Down Score: 74983400
Up Score: 4674200
Right Score: 74967000
Left Score: 74968600
Swiping DOWN
- 2 - -
2 8 - 2
8 16 32 16
128 256 64 1024
-----------------
Can't go Down
Up Score: 16535900
Right Score: 74983300
Left Score: 74983300
Swiping RIGHT
- - - 2
2 2 8 2
8 16 32 16
128 256 64 1024
-----------------
Down Score: 74985400
Up Score: 4836200
Right Score: 74984100
Left Score: 74983700
Swiping DOWN
- - 2 -
2 2 8 4
8 16 32 16
128 256 64 1024
-----------------
Can't go Down
Up Score: 7896300
Right Score: 74984900
Left Score: 74984900
Swiping RIGHT
- - 2 2
- 4 8 4
8 16 32 16
128 256 64 1024
-----------------
Can't go Down
Up Score: 56803400
Right Score: 74985800
Left Score: 74985800
Swiping RIGHT
- - - 4
2 4 8 4
8 16 32 16
128 256 64 1024
-----------------
Down Score: 74990000
Up Score: 4837300
Can't go Right
Left Score: 74986200
Swiping DOWN
2 - - -
2 4 8 8
8 16 32 16
128 256 64 1024
-----------------
Down Score: 74991600
Up Score: 4838400
Right Score: 74992500
Left Score: 74989700
Swiping RIGHT
- - 2 2
- 2 4 16
8 16 32 16
128 256 64 1024
-----------------
Down Score: 75049700
Up Score: 7453700
Right Score: 74992600
Left Score: 74989400
Swiping DOWN
- - 2 -
2 2 4 2
8 16 32 32
128 256 64 1024
-----------------
Can't go Down
Up Score: 7904400
Right Score: 75042100
Left Score: 75054500
Swiping LEFT
2 - - 2
4 4 2 -
8 16 64 -
128 256 64 1024
-----------------
Down Score: 78007500
Up Score: 7120100
Right Score: 75040600
Left Score: 75055000
Swiping DOWN
2 2 - -
4 4 - -
8 16 2 2
128 256 128 1024
-----------------
Can't go Down
Up Score: 18992400
Right Score: 78006200
Left Score: 78007800
Swiping LEFT
4 - 2 -
8 - - -
8 16 4 -
128 256 128 1024
-----------------
Down Score: 78041000
Up Score: 111100
Right Score: 78006500
Left Score: 78008100
Swiping DOWN
- - 2 -
4 - 2 -
16 16 4 -
128 256 128 1024
-----------------
Down Score: 78042800
Up Score: 112000
Right Score: 78039700
Left Score: 78039300
Swiping DOWN
- 2 - -
4 - 4 -
16 16 4 -
128 256 128 1024
-----------------
Down Score: 78056400
Up Score: 567500
Right Score: 78040500
Left Score: 78040500
Swiping DOWN
- - - 2
4 2 - -
16 16 8 -
128 256 128 1024
-----------------
Down Score: 78065000
Up Score: 1220200
Right Score: 78055300
Left Score: 78054900
Swiping DOWN
- - - -
4 2 2 -
16 16 8 2
128 256 128 1024
-----------------
Can't go Down
Up Score: 1685500
Right Score: 78065400
Left Score: 78065400
Swiping RIGHT
- - - 2
- - 4 4
- 32 8 2
128 256 128 1024
-----------------
Can't go Down
Up Score: 52862300
Right Score: 78064700
Left Score: 78064700
Swiping RIGHT
- - 2 2
- - - 8
- 32 8 2
128 256 128 1024
-----------------
Down Score: 78066300
Up Score: 52866600
Right Score: 78064800
Left Score: 78064800
Swiping DOWN
- 2 - 2
- - 2 8
- 32 8 2
128 256 128 1024
-----------------
Down Score: 78067700
Up Score: 53812700
Right Score: 78066400
Left Score: 78068000
Swiping LEFT
4 - - 2
2 8 - -
32 8 2 -
128 256 128 1024
-----------------
Down Score: 78102200
Up Score: 6337000
Right Score: 78066700
Left Score: 78068300
Swiping DOWN
4 - - 2
2 - - -
32 16 2 2
128 256 128 1024
-----------------
Down Score: 78109600
Up Score: 6336500
Right Score: 78102300
Left Score: 78101900
Swiping DOWN
4 - - 2
2 - - -
32 16 2 4
128 256 128 1024
-----------------
Down Score: 78110600
Up Score: 9821000
Right Score: 78110300
Left Score: 78109900
Swiping DOWN
4 2 - -
2 - - 2
32 16 2 4
128 256 128 1024
-----------------
Down Score: 78112000
Up Score: 10702300
Right Score: 78111700
Left Score: 78111700
Swiping DOWN
4 - - 2
2 2 - 2
32 16 2 4
128 256 128 1024
-----------------
Down Score: 78113800
Up Score: 10702600
Right Score: 78113300
Left Score: 78112900
Swiping DOWN
4 - - -
2 2 2 4
32 16 2 4
128 256 128 1024
-----------------
Down Score: 78134600
Up Score: 7217300
Right Score: 78116200
Left Score: 78114400
Swiping DOWN
4 - 2 -
2 2 - -
32 16 4 8
128 256 128 1024
-----------------
Down Score: 78136000
Up Score: 7680400
Right Score: 78134500
Left Score: 78135300
Swiping DOWN
4 - 2 -
2 2 2 -
32 16 4 8
128 256 128 1024
-----------------
Down Score: 78137600
Up Score: 7680900
Right Score: 78135700
Left Score: 78136500
Swiping DOWN
4 - - 4
2 2 4 -
32 16 4 8
128 256 128 1024
-----------------
Down Score: 78154200
Up Score: 10704100
Right Score: 78138000
Left Score: 78137200
Swiping DOWN
4 - - 2
2 2 - 4
32 16 8 8
128 256 128 1024
-----------------
Can't go Down
Up Score: 59837800
Right Score: 78156500
Left Score: 78156500
Swiping RIGHT
- 2 4 2
- - 4 4
- 32 16 16
128 256 128 1024
-----------------
Down Score: 78157700
Up Score: 53866800
Right Score: 78156400
Left Score: 78156400
Swiping DOWN
2 - - 2
- 2 8 4
- 32 16 16
128 256 128 1024
-----------------
Down Score: 78162700
Up Score: 53902700
Right Score: 78160200
Left Score: 78159400
Swiping DOWN
- 2 - 2
- 2 8 4
2 32 16 16
128 256 128 1024
-----------------
Down Score: 78163500
Up Score: 53902400
Right Score: 78165600
Left Score: 78164800
Swiping RIGHT
- - - 4
- 2 8 4
4 2 32 32
128 256 128 1024
-----------------
Down Score: 78191600
Up Score: 3742400
Right Score: 78171800
Left Score: 78171000
Swiping DOWN
- - - 2
- - 8 8
4 4 32 32
128 256 128 1024
-----------------
Can't go Down
Up Score: 53051500
Right Score: 78180100
Left Score: 78180100
Swiping RIGHT
2 - - 2
- - - 16
- - 8 64
128 256 128 1024
-----------------
Down Score: 78188100
Up Score: 52594200
Right Score: 78180200
Left Score: 78180200
Swiping DOWN
- - - 2
- - - 16
2 2 8 64
128 256 128 1024
-----------------
Can't go Down
Up Score: 52709900
Right Score: 78195700
Left Score: 78195700
Swiping RIGHT
- - - 2
- 2 - 16
- 4 8 64
128 256 128 1024
-----------------
Can't go Down
Up Score: 53574800
Right Score: 78198100
Left Score: 78198500
Swiping LEFT
2 2 - -
2 16 - -
4 8 64 -
128 256 128 1024
-----------------
Down Score: 78199700
Up Score: 12395900
Right Score: 78198200
Left Score: 78198200
Swiping DOWN
- 2 - -
4 16 - 2
4 8 64 -
128 256 128 1024
-----------------
Down Score: 78227900
Up Score: 12574000
Right Score: 78199700
Left Score: 78199300
Swiping DOWN
2 2 - -
- 16 - -
8 8 64 2
128 256 128 1024
-----------------
Down Score: 78230300
Up Score: 13049500
Right Score: 78227200
Left Score: 78230400
Swiping LEFT
4 - 2 -
16 - - -
16 64 2 -
128 256 128 1024
-----------------
Down Score: 78294400
Up Score: -317600
Right Score: 78227500
Left Score: 78230700
Swiping DOWN
- - 2 -
4 - - -
32 64 4 -
128 256 128 1024
-----------------
Down Score: 78295400
Up Score: 119900
Right Score: 78295300
Left Score: 78294500
Swiping DOWN
- - - 4
4 - 2 -
32 64 4 -
128 256 128 1024
-----------------
Down Score: 78312200
Up Score: 784900
Right Score: 78295400
Left Score: 78296200
Swiping DOWN
- - - 2
4 - 2 -
32 64 4 4
128 256 128 1024
-----------------
Down Score: 78313600
Up Score: 4180600
Right Score: 78311300
Left Score: 78310900
Swiping DOWN
- - - -
4 2 2 2
32 64 4 4
128 256 128 1024
-----------------
Can't go Down
Up Score: 5105900
Right Score: 78313000
Left Score: 78313600
Swiping LEFT
- 2 - -
4 4 2 -
32 64 8 -
128 256 128 1024
-----------------
Can't go Down
Up Score: 13049600
Right Score: 78312900
Left Score: 78312500
Swiping RIGHT
- - - 2
- 2 8 2
- 32 64 8
128 256 128 1024
-----------------
Down Score: 78315200
Up Score: 4624300
Can't go Right
Left Score: 78314500
Swiping DOWN
- - 2 -
- 2 8 4
- 32 64 8
128 256 128 1024
-----------------
Can't go Down
Up Score: 10742000
Right Score: 78315300
Left Score: 78315700
Swiping LEFT
2 - - -
2 8 4 -
32 64 8 2
128 256 128 1024
-----------------
Down Score: 78324600
Up Score: 1712300
Right Score: 78325500
Can't go Left
Swiping RIGHT
2 - - 2
- 2 8 4
32 64 8 2
128 256 128 1024
-----------------
Down Score: 78353100
Up Score: 53843900
Right Score: 78326400
Left Score: 78324000
Swiping DOWN
- 2 - 2
2 2 - 4
32 64 16 2
128 256 128 1024
-----------------
Down Score: 78353900
Up Score: 53843600
Right Score: 78354400
Left Score: 78354400
Swiping RIGHT
- - 2 4
- - 4 4
32 64 16 2
128 256 128 1024
-----------------
Down Score: 78355100
Up Score: 9649300
Right Score: 78352700
Left Score: 78352700
Swiping DOWN
- - 2 -
- 2 4 8
32 64 16 2
128 256 128 1024
-----------------
Can't go Down
Up Score: 10598600
Right Score: 78356300
Left Score: 78356700
Swiping LEFT
2 2 - -
2 4 8 -
32 64 16 2
128 256 128 1024
-----------------
Down Score: 78357900
Up Score: 13718200
Right Score: 78356400
Left Score: 78356400
Swiping DOWN
- 2 - 2
4 4 8 -
32 64 16 2
128 256 128 1024
-----------------
Down Score: 78365700
Up Score: 13718100
Right Score: 78358400
Left Score: 78358400
Swiping DOWN
2 2 - -
4 4 8 -
32 64 16 4
128 256 128 1024
-----------------
Can't go Down
Up Score: 19727000
Right Score: 78366200
Left Score: 78366200
Swiping RIGHT
- - 2 4
- - 8 8
32 64 16 4
128 256 128 1024
-----------------
Can't go Down
Up Score: 58968300
Right Score: 78364500
Left Score: 78364500
Swiping RIGHT
- - 2 4
- 2 - 16
32 64 16 4
128 256 128 1024
-----------------
Down Score: 78368400
Up Score: 53886400
Right Score: 78367300
Left Score: 78367300
Swiping DOWN
- - 2 4
- 2 2 16
32 64 16 4
128 256 128 1024
-----------------
Down Score: 78369000
Up Score: 53886900
Right Score: 78367700
Left Score: 78367700
Swiping DOWN
- - 2 4
- 2 4 16
32 64 16 4
128 256 128 1024
-----------------
Can't go Down
Up Score: 59918800
Can't go Right
Left Score: 78373300
Swiping LEFT
2 4 - -
2 4 16 2
32 64 16 4
128 256 128 1024
-----------------
Down Score: 78427800
Up Score: 4732900
Right Score: 78371700
Can't go Left
Swiping DOWN
- 4 - -
4 8 - 2
32 64 32 4
128 256 128 1024
-----------------
Can't go Down
Up Score: 16756700
Right Score: 78427400
Left Score: 78428200
Swiping LEFT
4 - - -
4 8 2 2
32 64 32 4
128 256 128 1024
-----------------
Down Score: 78431800
Up Score: 5121200
Right Score: 78430200
Left Score: 78429400
Swiping DOWN
2 - - -
8 8 2 2
32 64 32 4
128 256 128 1024
-----------------
Can't go Down
Up Score: 11115500
Right Score: 78430100
Left Score: 78429300
Swiping RIGHT
- - - 2
2 - 16 4
32 64 32 4
128 256 128 1024
-----------------
Down Score: 78444600
Up Score: 4196200
Right Score: 78432500
Left Score: 78432100
Swiping DOWN
- - - 2
2 - 16 2
32 64 32 8
128 256 128 1024
-----------------
Down Score: 78445800
Up Score: 4196100
Right Score: 78446500
Left Score: 78446500
Swiping RIGHT
- - - 2
2 2 16 2
32 64 32 8
128 256 128 1024
-----------------
Down Score: 78448600
Up Score: 5121400
Right Score: 78447300
Left Score: 78446900
Swiping DOWN
- - - 2
2 2 16 4
32 64 32 8
128 256 128 1024
-----------------
Can't go Down
Up Score: 54356700
Right Score: 78448100
Left Score: 78448100
Swiping RIGHT
2 - - 2
- 4 16 4
32 64 32 8
128 256 128 1024
-----------------
Down Score: 78449300
Up Score: 54356400
Right Score: 78449000
Left Score: 78449000
Swiping DOWN
- 2 - 2
2 4 16 4
32 64 32 8
128 256 128 1024
-----------------
Can't go Down
Up Score: 66358700
Right Score: 78450200
Left Score: 78449400
Swiping RIGHT
2 - - 4
2 4 16 4
32 64 32 8
128 256 128 1024
-----------------
Down Score: 78454800
Up Score: 5123600
Right Score: 78450100
Left Score: 78450500
Swiping DOWN
- - 2 -
4 4 16 8
32 64 32 8
128 256 128 1024
-----------------
Down Score: 78481300
Up Score: 7741700
Right Score: 78453700
Left Score: 78452100
Swiping DOWN
2 - 2 -
4 4 16 -
32 64 32 16
128 256 128 1024
-----------------
Can't go Down
Up Score: 13735800
Right Score: 78483400
Left Score: 78480200
Swiping RIGHT
- - 2 4
- - 8 16
32 64 32 16
128 256 128 1024
-----------------
Down Score: 78541700
Up Score: 9735100
Can't go Right
Left Score: 78480100
Swiping DOWN
2 - 2 -
- - 8 4
32 64 32 32
128 256 128 1024
-----------------
Down Score: 78542700
Up Score: 10204200
Right Score: 78545800
Left Score: 78545000
Swiping RIGHT
- 4 - 4
- - 8 4
- 32 64 64
128 256 128 1024
-----------------
Down Score: 78551200
Up Score: 4672200
Right Score: 78526000
Left Score: 78527600
Swiping DOWN
2 - - -
- 4 8 8
- 32 64 64
128 256 128 1024
-----------------
Down Score: 78556200
Up Score: 4707700
Right Score: 78531300
Left Score: 78531300
Swiping DOWN
- - 2 -
- 4 8 8
2 32 64 64
128 256 128 1024
-----------------
Can't go Down
Up Score: 10809000
Right Score: 78536300
Left Score: 78561900
Swiping LEFT
2 - - -
4 16 - -
2 32 128 4
128 256 128 1024
-----------------
Down Score: 84501100
Up Score: 6953100
Right Score: 78590300
Can't go Left
Swiping DOWN
2 - - -
4 16 2 -
2 32 - 4
128 256 256 1024
-----------------
Down Score: 84511900
Up Score: 7167600
Right Score: 84452700
Left Score: 82452300
Swiping DOWN
2 - - -
4 16 2 -
2 32 2 4
128 256 256 1024
-----------------
Down Score: 84520700
Up Score: 7168500
Right Score: 84460700
Left Score: 82460700
Swiping DOWN
2 - 2 -
4 16 - -
2 32 4 4
128 256 256 1024
-----------------
Down Score: 84520300
Up Score: 8116800
Right Score: 84468400
Left Score: 82469200
Swiping DOWN
2 - - 2
4 16 2 -
2 32 4 4
128 256 256 1024
-----------------
Down Score: 84521700
Up Score: 11525300
Right Score: 84468000
Left Score: 82468800
Swiping DOWN
2 - 2 -
4 16 2 2
2 32 4 4
128 256 256 1024
-----------------
Down Score: 84523100
Up Score: 11525800
Right Score: 84470000
Left Score: 82470000
Swiping DOWN
2 - - 2
4 16 4 2
2 32 4 4
128 256 256 1024
-----------------
Down Score: 84538700
Up Score: 10652700
Right Score: 84470000
Left Score: 82470800
Swiping DOWN
2 - - 2
4 16 - 4
2 32 8 4
128 256 256 1024
-----------------
Down Score: 84554100
Up Score: 10654400
Right Score: 84487200
Left Score: 82486400
Swiping DOWN
2 - - -
4 16 2 2
2 32 8 8
128 256 256 1024
-----------------
Can't go Down
Up Score: 11530500
Right Score: 84500300
Left Score: 82500300
Swiping RIGHT
- - 4 2
- 4 16 4
- 2 32 16
- 128 512 1024
-----------------
Can't go Down
Up Score: 78579100
Can't go Right
Left Score: 82501500
Swiping LEFT
4 2 - -
4 16 4 2
2 32 16 -
128 512 1024 1024
-----------------
Down Score: 135916100
Up Score: 29882200
Right Score: 135805100
Left Score: 133804700
Swiping DOWN
- 2 - -
8 16 4 -
2 32 16 2
128 512 1024 2
-----------------
Down Score: 82599900
Up Score: 29270100
Right Score: 82512700
Left Score: 82509500
Swiping DOWN
2 2 - -
8 16 4 -
2 32 16 -
128 512 1024 4
-----------------
Can't go Down
Up Score: 35193800
Right Score: 82600800
Left Score: 82600000
Swiping RIGHT
- - - 4
4 8 16 4
- 2 32 16
128 512 1024 4
-----------------
Down Score: 82618400
Up Score: 5290000
Can't go Right
Left Score: 82606400
Swiping DOWN
- - - 2
- 8 16 8
4 2 32 16
128 512 1024 4
-----------------
Can't go Down
Up Score: 5532300
Can't go Right
Left Score: 82618500
Swiping LEFT
2 - - 2
8 16 8 -
4 2 32 16
128 512 1024 4
-----------------
Down Score: 82618900
Up Score: 11607200
Right Score: 82618600
Left Score: 82618600
Swiping DOWN
2 2 - -
8 16 8 2
4 2 32 16
128 512 1024 4
-----------------
Can't go Down
Up Score: 35212300
Right Score: 82619000
Left Score: 82619000
Swiping RIGHT
- - 2 4
8 16 8 2
4 2 32 16
128 512 1024 4
-----------------
Can't go Down
Up Score: 53070900
Can't go Right
Left Score: 82618900
Swiping LEFT
2 4 2 -
8 16 8 2
4 2 32 16
128 512 1024 4
-----------------
Can't go Down
Up Score: 82483300
Right Score: 82619600
Can't go Left
Swiping RIGHT
2 2 4 2
8 16 8 2
4 2 32 16
128 512 1024 4
-----------------
Down Score: 82620600
Up Score: 82484000
Right Score: 82620700
Left Score: 82620300
Swiping RIGHT
2 4 4 2
8 16 8 2
4 2 32 16
128 512 1024 4
-----------------
Down Score: 82621100
Up Score: 82484500
Right Score: 82621400
Left Score: 82619400
Swiping RIGHT
2 2 8 2
8 16 8 2
4 2 32 16
128 512 1024 4
-----------------
Down Score: 82627800
Up Score: 35212600
Right Score: 82621700
Left Score: 82619700
Swiping DOWN
2 2 2 -
8 16 16 4
4 2 32 16
128 512 1024 4
-----------------
Can't go Down
Up Score: 82493900
Right Score: 82631300
Left Score: 82624500
Swiping RIGHT
- - 2 4
2 8 32 4
4 2 32 16
128 512 1024 4
-----------------
Down Score: 82741000
Up Score: 5729000
Can't go Right
Left Score: 82632500
Swiping DOWN
- - - 2
2 8 2 8
4 2 64 16
128 512 1024 4
-----------------
Can't go Down
Up Score: 5971700
Can't go Right
Left Score: 82741500
Swiping LEFT
2 - 2 -
2 8 2 8
4 2 64 16
128 512 1024 4
-----------------
Down Score: 82743600
Up Score: 5730200
Right Score: 82741200
Left Score: 82741200
Swiping DOWN
2 - - -
4 8 4 8
4 2 64 16
128 512 1024 4
-----------------
Down Score: 82758400
Up Score: 5730700
Right Score: 82743700
Can't go Left
Swiping DOWN
- - - 2
2 8 4 8
8 2 64 16
128 512 1024 4
-----------------
Can't go Down
Up Score: 5973000
Can't go Right
Left Score: 82758900
Swiping LEFT
2 2 - -
2 8 4 8
8 2 64 16
128 512 1024 4
-----------------
Down Score: 82759300
Up Score: 29295300
Right Score: 82758600
Left Score: 82758600
Swiping DOWN
- 2 - 2
4 8 4 8
8 2 64 16
128 512 1024 4
-----------------
Can't go Down
Up Score: 29537600
Right Score: 82759400
Left Score: 82760200
Swiping LEFT
4 - 2 -
4 8 4 8
8 2 64 16
128 512 1024 4
-----------------
Down Score: 82764100
Up Score: 53064700
Right Score: 82760500
Left Score: 82760500
Swiping DOWN
- 2 2 -
8 8 4 8
8 2 64 16
128 512 1024 4
-----------------
Down Score: 82790200
Up Score: 76200400
Right Score: 82760200
Left Score: 82760200
Swiping DOWN
- 2 2 -
2 8 4 8
16 2 64 16
128 512 1024 4
-----------------
Can't go Down
Up Score: 76678500
Right Score: 82791400
Left Score: 82791400
Swiping RIGHT
2 - - 4
2 8 4 8
16 2 64 16
128 512 1024 4
-----------------
Down Score: 82792200
Up Score: 5977200
Right Score: 82791300
Left Score: 82791700
Swiping DOWN
- 2 - 4
4 8 4 8
16 2 64 16
128 512 1024 4
-----------------
Can't go Down
Up Score: 29539900
Right Score: 82792100
Left Score: 82792100
Swiping RIGHT
- 2 2 4
4 8 4 8
16 2 64 16
128 512 1024 4
-----------------
Can't go Down
Up Score: 76818600
Right Score: 82794000
Left Score: 82794000
Swiping RIGHT
- 2 4 4
4 8 4 8
16 2 64 16
128 512 1024 4
-----------------
Down Score: 82797500
Up Score: 29539300
Right Score: 82793500
Left Score: 82793500
Swiping DOWN
2 2 - 4
4 8 8 8
16 2 64 16
128 512 1024 4
-----------------
Can't go Down
Up Score: 35513800
Right Score: 82799200
Left Score: 82796000
Swiping RIGHT
2 - 4 4
- 4 8 16
16 2 64 16
128 512 1024 4
-----------------
Down Score: 82851400
Up Score: 53077100
Right Score: 82797900
Left Score: 82796300
Swiping DOWN
- 2 4 -
2 4 8 4
16 2 64 32
128 512 1024 4
-----------------
Can't go Down
Up Score: 76688800
Right Score: 82852100
Left Score: 82852500
Swiping LEFT
2 4 - 2
2 4 8 4
16 2 64 32
128 512 1024 4
-----------------
Down Score: 82855700
Up Score: 6038300
Right Score: 82851600
Left Score: 82852800
Swiping DOWN
2 - - 2
4 8 8 4
16 2 64 32
128 512 1024 4
-----------------
Can't go Down
Up Score: 11974000
Right Score: 82855000
Left Score: 82855000
Swiping RIGHT
- - - 4
2 4 16 4
16 2 64 32
128 512 1024 4
-----------------
Down Score: 82857600
Up Score: 5743900
Can't go Right
Left Score: 82855400
Swiping DOWN
- - - 2
2 4 16 8
16 2 64 32
128 512 1024 4
-----------------
Can't go Down
Up Score: 6039000
Can't go Right
Left Score: 82858100
Swiping LEFT
2 - - 2
2 4 16 8
16 2 64 32
128 512 1024 4
-----------------
Down Score: 82859300
Up Score: 6040100
Right Score: 82857800
Left Score: 82857800
Swiping DOWN
2 - - 2
4 4 16 8
16 2 64 32
128 512 1024 4
-----------------
Can't go Down
Up Score: 11975000
Right Score: 82858200
Left Score: 82858200
Swiping RIGHT
- - 2 4
- 8 16 8
16 2 64 32
128 512 1024 4
-----------------
Can't go Down
Up Score: 52845700
Can't go Right
Left Score: 82858100
Swiping LEFT
2 4 - 2
8 16 8 -
16 2 64 32
128 512 1024 4
-----------------
Down Score: 82858500
Up Score: 35286800
Right Score: 82858400
Left Score: 82858400
Swiping DOWN
2 4 2 -
8 16 8 2
16 2 64 32
128 512 1024 4
-----------------
Can't go Down
Up Score: 82670100
Right Score: 82859200
Can't go Left
Swiping RIGHT
2 2 4 2
8 16 8 2
16 2 64 32
128 512 1024 4
-----------------
Down Score: 82860200
Up Score: 82670800
Right Score: 82860300
Left Score: 82859900
Swiping RIGHT
2 4 4 2
8 16 8 2
16 2 64 32
128 512 1024 4
-----------------
Down Score: 82860700
Up Score: 82671300
Right Score: 82861000
Left Score: 82859000
Swiping RIGHT
2 2 8 2
8 16 8 2
16 2 64 32
128 512 1024 4
-----------------
Down Score: 82867400
Up Score: 35287400
Right Score: 82861300
Left Score: 82859300
Swiping DOWN
2 2 2 -
8 16 16 4
16 2 64 32
128 512 1024 4
-----------------
Can't go Down
Up Score: 82677500
Right Score: 82864500
Left Score: 82864100
Swiping RIGHT
- - 2 4
2 8 32 4
16 2 64 32
128 512 1024 4
-----------------
Down Score: 82867700
Up Score: 53093800
Can't go Right
Left Score: 82865700
Swiping DOWN
- - 2 4
2 8 32 8
16 2 64 32
128 512 1024 4
-----------------
Can't go Down
Up Score: 53280400
Can't go Right
Left Score: 82868100
Swiping LEFT
2 4 2 -
2 8 32 8
16 2 64 32
128 512 1024 4
-----------------
Down Score: 82868900
Up Score: 76708900
Right Score: 82868000
Can't go Left
Swiping DOWN
- 4 2 2
4 8 32 8
16 2 64 32
128 512 1024 4
-----------------
Can't go Down
Up Score: 76896000
Right Score: 82869600
Left Score: 82870400
Swiping LEFT
4 4 - 2
4 8 32 8
16 2 64 32
128 512 1024 4
-----------------
Down Score: 82871900
Up Score: 29603700
Right Score: 82869500
Left Score: 82869500
Swiping DOWN
2 4 - 2
8 8 32 8
16 2 64 32
128 512 1024 4
-----------------
Can't go Down
Up Score: 35580400
Right Score: 82869600
Left Score: 82872800
Swiping LEFT
2 4 2 2
16 32 8 -
16 2 64 32
128 512 1024 4
-----------------
Down Score: 82930100
Up Score: 76714900
Right Score: 82870300
Left Score: 82873500
Swiping DOWN
2 4 2 -
2 32 8 2
32 2 64 32
128 512 1024 4
-----------------
Down Score: 82930900
Up Score: 76716000
Right Score: 82930400
Can't go Left
Swiping DOWN
- 4 2 2
4 32 8 2
32 2 64 32
128 512 1024 4
-----------------
Down Score: 82932100
Up Score: 76715500
Right Score: 82931600
Left Score: 82932400
Swiping LEFT
4 4 - 4
4 32 8 2
32 2 64 32
128 512 1024 4
-----------------
Down Score: 82932400
Up Score: 29623600
Right Score: 82930600
Left Score: 82931400
Swiping DOWN
2 4 - 4
8 32 8 2
32 2 64 32
128 512 1024 4
-----------------
Can't go Down
Up Score: 35651500
Right Score: 82931900
Left Score: 82931900
Swiping RIGHT
- 2 2 8
8 32 8 2
32 2 64 32
128 512 1024 4
-----------------
Can't go Down
Up Score: 76904600
Right Score: 82932200
Left Score: 82932200
Swiping RIGHT
2 - 4 8
8 32 8 2
32 2 64 32
128 512 1024 4
-----------------
Can't go Down
Up Score: 59269100
Right Score: 82932100
Left Score: 82933700
Swiping LEFT
2 4 8 2
8 32 8 2
32 2 64 32
128 512 1024 4
-----------------
Down Score: 82937300
Up Score: 35360700
Can't go Right
Can't go Left
Swiping DOWN
2 4 - 2
8 32 16 4
32 2 64 32
128 512 1024 4
-----------------
Can't go Down
Up Score: 35653200
Right Score: 82937600
Left Score: 82937600
Swiping RIGHT
2 2 4 2
8 32 16 4
32 2 64 32
128 512 1024 4
-----------------
Can't go Down
Can't go Up
Right Score: 82938700
Left Score: 82938700
Swiping RIGHT
2 4 4 2
8 32 16 4
32 2 64 32
128 512 1024 4
-----------------
Can't go Down
Can't go Up
Right Score: 82937800
Left Score: 82937800
Swiping RIGHT
2 2 8 2
8 32 16 4
32 2 64 32
128 512 1024 4
-----------------
Can't go Down
Can't go Up
Right Score: 82938100
Left Score: 82938100
Swiping RIGHT
2 4 8 2
8 32 16 4
32 2 64 32
128 512 1024 4
-----------------
Can't go Down
Can't go Up
Can't go Right
Can't go Left
Game over. Can't do anything